<?xml version="1.0" encoding="UTF-8"?>
<!-- Generated by org.testng.reporters.JUnitXMLReporter -->
<testsuite ignored="0" hostname="GAJENDRA-LAPTOP" failures="0" tests="3" name="Test" time="106.311" errors="0" timestamp="2022-05-05T00:08:57 IST">
  <testcase classname="app.sample.Portal.UpdateNameGajendraSaxena" name="applaunch" time="27.803"/>
  <testcase classname="app.sample.Portal.UpdateNameSaxenaGajendra" name="applaunch" time="32.117"/>
  <testcase classname="app.sample.Portal.NewSample" name="applaunch" time="46.33"/>
</testsuite> <!-- Test -->
