<?xml version="1.0" encoding="UTF-8"?>
<testng-results skipped="0" failed="0" ignored="0" total="1" passed="1">
  <reporter-output>
  </reporter-output>
  <suite name="Default suite" duration-ms="32438" started-at="2021-06-20T11:11:46 IST" finished-at="2021-06-20T11:12:18 IST">
    <groups>
    </groups>
    <test name="Default test" duration-ms="32438" started-at="2021-06-20T11:11:46 IST" finished-at="2021-06-20T11:12:18 IST">
      <class name="app.sample.Portal.NewSample">
        <test-method status="PASS" signature="applaunch()[pri:0, instance:app.sample.Portal.NewSample@24aed80c]" name="applaunch" duration-ms="32366" started-at="2021-06-20T11:11:46 IST" finished-at="2021-06-20T11:12:18 IST">
          <reporter-output>
          </reporter-output>
        </test-method> <!-- applaunch -->
      </class> <!-- app.sample.Portal.NewSample -->
    </test> <!-- Default test -->
  </suite> <!-- Default suite -->
</testng-results>
